TpTrace Verbose: 0 : 2384, 1, 2022/08/11, 11:51:10.951, 97626456967, vstest.console.dll, Version: 16.11.0
TpTrace Information: 0 : 2384, 1, 2022/08/11, 11:51:10.959, 97626533046, vstest.console.dll, FilePatternParser: The given file C:\Users\rpn\source\repos\PetsAPI\TestPetsAPI\bin\Debug\netcoreapp3.1\fine-code-coverage\build-output\TestPetsAPI.dll is a full path.
TpTrace Verbose: 0 : 2384, 1, 2022/08/11, 11:51:10.968, 97626616530, vstest.console.dll, TestPluginCache.DiscoverTestExtensions: finding test extensions in assemblies ends with: RuntimeProvider.dll TPluginInfo: Microsoft.VisualStudio.TestPlatform.Common.ExtensionFramework.Utilities.TestRuntimePluginInformation TExtension: Microsoft.VisualStudio.TestPlatform.ObjectModel.Host.ITestRuntimeProvider
TpTrace Verbose: 0 : 2384, 1, 2022/08/11, 11:51:10.968, 97626622925, vstest.console.dll, TestPluginCache.GetExtensionPaths: Filtered extension paths: 
TpTrace Verbose: 0 : 2384, 1, 2022/08/11, 11:51:10.968, 97626624006, vstest.console.dll, TestPluginCache.GetExtensionPaths: Added default extension paths: C:\Program Files\dotnet\sdk\5.0.408\Extensions\Microsoft.Diagnostics.NETCore.Client.dll
C:\Program Files\dotnet\sdk\5.0.408\Extensions\Microsoft.TestPlatform.Extensions.BlameDataCollector.dll
C:\Program Files\dotnet\sdk\5.0.408\Extensions\Microsoft.TestPlatform.Extensions.EventLogCollector.dll
C:\Program Files\dotnet\sdk\5.0.408\Extensions\Microsoft.TestPlatform.TestHostRuntimeProvider.dll
C:\Program Files\dotnet\sdk\5.0.408\Extensions\Microsoft.VisualStudio.TestPlatform.Extensions.Html.TestLogger.dll
C:\Program Files\dotnet\sdk\5.0.408\Extensions\Microsoft.VisualStudio.TestPlatform.Extensions.Trx.TestLogger.dll
TpTrace Verbose: 0 : 2384, 1, 2022/08/11, 11:51:10.968, 97626624423, vstest.console.dll, TestPluginCache.GetExtensionPaths: Added unfilterableExtensionPaths: 
TpTrace Information: 0 : 2384, 1, 2022/08/11, 11:51:10.969, 97626632541, vstest.console.dll, AssemblyResolver.ctor: Creating AssemblyResolver with searchDirectories C:\Program Files\dotnet\sdk\5.0.408\Extensions,C:\Program Files\dotnet\sdk\5.0.408
TpTrace Verbose: 0 : 2384, 1, 2022/08/11, 11:51:10.970, 97626643779, vstest.console.dll, TestPluginCache.DiscoverTestExtensions: Discovering the extensions using extension path.
TpTrace Verbose: 0 : 2384, 1, 2022/08/11, 11:51:10.971, 97626645850, vstest.console.dll, TestPluginCache.GetExtensionPaths: Filtered extension paths: 
TpTrace Verbose: 0 : 2384, 1, 2022/08/11, 11:51:10.971, 97626646618, vstest.console.dll, TestPluginCache.GetExtensionPaths: Added default extension paths: C:\Program Files\dotnet\sdk\5.0.408\Extensions\Microsoft.Diagnostics.NETCore.Client.dll
C:\Program Files\dotnet\sdk\5.0.408\Extensions\Microsoft.TestPlatform.Extensions.BlameDataCollector.dll
C:\Program Files\dotnet\sdk\5.0.408\Extensions\Microsoft.TestPlatform.Extensions.EventLogCollector.dll
C:\Program Files\dotnet\sdk\5.0.408\Extensions\Microsoft.TestPlatform.TestHostRuntimeProvider.dll
C:\Program Files\dotnet\sdk\5.0.408\Extensions\Microsoft.VisualStudio.TestPlatform.Extensions.Html.TestLogger.dll
C:\Program Files\dotnet\sdk\5.0.408\Extensions\Microsoft.VisualStudio.TestPlatform.Extensions.Trx.TestLogger.dll
TpTrace Verbose: 0 : 2384, 1, 2022/08/11, 11:51:10.971, 97626647171, vstest.console.dll, TestPluginCache.GetExtensionPaths: Added unfilterableExtensionPaths: 
TpTrace Verbose: 0 : 2384, 1, 2022/08/11, 11:51:10.971, 97626648501, vstest.console.dll, TestPluginCache.DiscoverTestExtensions: Discovering the extensions using allExtensionPaths: C:\Program Files\dotnet\sdk\5.0.408\Extensions\Microsoft.Diagnostics.NETCore.Client.dll
C:\Program Files\dotnet\sdk\5.0.408\Extensions\Microsoft.TestPlatform.Extensions.BlameDataCollector.dll
C:\Program Files\dotnet\sdk\5.0.408\Extensions\Microsoft.TestPlatform.Extensions.EventLogCollector.dll
C:\Program Files\dotnet\sdk\5.0.408\Extensions\Microsoft.TestPlatform.TestHostRuntimeProvider.dll
C:\Program Files\dotnet\sdk\5.0.408\Extensions\Microsoft.VisualStudio.TestPlatform.Extensions.Html.TestLogger.dll
C:\Program Files\dotnet\sdk\5.0.408\Extensions\Microsoft.VisualStudio.TestPlatform.Extensions.Trx.TestLogger.dll
TpTrace Information: 0 : 2384, 1, 2022/08/11, 11:51:10.971, 97626649711, vstest.console.dll, AssemblyResolver.AddSearchDirectories: Adding more searchDirectories C:\Program Files\dotnet\sdk\5.0.408\Extensions,C:\Program Files\dotnet\sdk\5.0.408
TpTrace Information: 0 : 2384, 1, 2022/08/11, 11:51:10.971, 97626650344, vstest.console.dll, AssemblyResolver.AddSearchDirectories: Adding more searchDirectories C:\Program Files\dotnet\sdk\5.0.408\Extensions,C:\Program Files\dotnet\sdk\5.0.408
TpTrace Information: 0 : 2384, 1, 2022/08/11, 11:51:10.971, 97626650761, vstest.console.dll, AssemblyResolver.AddSearchDirectories: Adding more searchDirectories C:\Program Files\dotnet\sdk\5.0.408\Extensions,C:\Program Files\dotnet\sdk\5.0.408
TpTrace Information: 0 : 2384, 1, 2022/08/11, 11:51:10.971, 97626651047, vstest.console.dll, AssemblyResolver.AddSearchDirectories: Adding more searchDirectories C:\Program Files\dotnet\sdk\5.0.408\Extensions,C:\Program Files\dotnet\sdk\5.0.408
TpTrace Information: 0 : 2384, 1, 2022/08/11, 11:51:10.971, 97626651311, vstest.console.dll, AssemblyResolver.AddSearchDirectories: Adding more searchDirectories C:\Program Files\dotnet\sdk\5.0.408\Extensions,C:\Program Files\dotnet\sdk\5.0.408
TpTrace Information: 0 : 2384, 1, 2022/08/11, 11:51:10.971, 97626651601, vstest.console.dll, AssemblyResolver.AddSearchDirectories: Adding more searchDirectories C:\Program Files\dotnet\sdk\5.0.408\Extensions,C:\Program Files\dotnet\sdk\5.0.408
TpTrace Information: 0 : 2384, 1, 2022/08/11, 11:51:10.972, 97626654926, vstest.console.dll, AssemblyResolver.OnResolve: Microsoft.Diagnostics.NETCore.Client: Resolving assembly.
TpTrace Information: 0 : 2384, 1, 2022/08/11, 11:51:10.972, 97626655564, vstest.console.dll, AssemblyResolver.OnResolve: Microsoft.Diagnostics.NETCore.Client: Searching in: 'C:\Program Files\dotnet\sdk\5.0.408\Extensions'.
TpTrace Information: 0 : 2384, 1, 2022/08/11, 11:51:10.972, 97626659779, vstest.console.dll, AssemblyResolver.OnResolve: Microsoft.Diagnostics.NETCore.Client: Loading assembly 'C:\Program Files\dotnet\sdk\5.0.408\Extensions\Microsoft.Diagnostics.NETCore.Client.dll'.
TpTrace Information: 0 : 2384, 1, 2022/08/11, 11:51:10.973, 97626667916, vstest.console.dll, AssemblyResolver.OnResolve: Resolved assembly: Microsoft.Diagnostics.NETCore.Client, from path: C:\Program Files\dotnet\sdk\5.0.408\Extensions\Microsoft.Diagnostics.NETCore.Client.dll
TpTrace Information: 0 : 2384, 1, 2022/08/11, 11:51:10.976, 97626700717, vstest.console.dll, AssemblyResolver.OnResolve: Microsoft.Bcl.AsyncInterfaces: Resolving assembly.
TpTrace Information: 0 : 2384, 1, 2022/08/11, 11:51:10.976, 97626701815, vstest.console.dll, AssemblyResolver.OnResolve: Microsoft.Bcl.AsyncInterfaces: Searching in: 'C:\Program Files\dotnet\sdk\5.0.408\Extensions'.
TpTrace Information: 0 : 2384, 1, 2022/08/11, 11:51:10.976, 97626702831, vstest.console.dll, AssemblyResolver.OnResolve: Microsoft.Bcl.AsyncInterfaces: Assembly path does not exist: 'C:\Program Files\dotnet\sdk\5.0.408\Extensions\Microsoft.Bcl.AsyncInterfaces.dll', returning.
TpTrace Information: 0 : 2384, 1, 2022/08/11, 11:51:10.976, 97626703623, vstest.console.dll, AssemblyResolver.OnResolve: Microsoft.Bcl.AsyncInterfaces: Assembly path does not exist: 'C:\Program Files\dotnet\sdk\5.0.408\Extensions\Microsoft.Bcl.AsyncInterfaces.exe', returning.
TpTrace Information: 0 : 2384, 1, 2022/08/11, 11:51:10.976, 97626704324, vstest.console.dll, AssemblyResolver.OnResolve: Microsoft.Bcl.AsyncInterfaces: Searching in: 'C:\Program Files\dotnet\sdk\5.0.408'.
TpTrace Information: 0 : 2384, 1, 2022/08/11, 11:51:10.977, 97626705511, vstest.console.dll, AssemblyResolver.OnResolve: Microsoft.Bcl.AsyncInterfaces: Assembly path does not exist: 'C:\Program Files\dotnet\sdk\5.0.408\Microsoft.Bcl.AsyncInterfaces.dll', returning.
TpTrace Information: 0 : 2384, 1, 2022/08/11, 11:51:10.977, 97626706254, vstest.console.dll, AssemblyResolver.OnResolve: Microsoft.Bcl.AsyncInterfaces: Assembly path does not exist: 'C:\Program Files\dotnet\sdk\5.0.408\Microsoft.Bcl.AsyncInterfaces.exe', returning.
TpTrace Information: 0 : 2384, 1, 2022/08/11, 11:51:10.977, 97626706669, vstest.console.dll, AssemblyResolver.OnResolve: Microsoft.Bcl.AsyncInterfaces: Failed to load assembly.
TpTrace Verbose: 0 : 2384, 1, 2022/08/11, 11:51:10.977, 97626707160, vstest.console.dll, CurrentDomainAssemblyResolve: Resolving assembly 'Microsoft.Bcl.AsyncInterfaces'.
TpTrace Information: 0 : 2384, 1, 2022/08/11, 11:51:10.977, 97626708157, vstest.console.dll, AssemblyResolver.OnResolve: Microsoft.Bcl.AsyncInterfaces: Resolving assembly.
TpTrace Information: 0 : 2384, 1, 2022/08/11, 11:51:10.977, 97626708693, vstest.console.dll, AssemblyResolver.OnResolve: Microsoft.Bcl.AsyncInterfaces: Resolved from cache.
TpTrace Verbose: 0 : 2384, 1, 2022/08/11, 11:51:10.977, 97626709039, vstest.console.dll, CurrentDomainAssemblyResolve: Resolving assembly 'Microsoft.Bcl.AsyncInterfaces'.
TpTrace Verbose: 0 : 2384, 1, 2022/08/11, 11:51:10.977, 97626709552, vstest.console.dll, CurrentDomainAssemblyResolve: Failed to resolve assembly 'Microsoft.Bcl.AsyncInterfaces'.
TpTrace Verbose: 0 : 2384, 1, 2022/08/11, 11:51:10.978, 97626720096, vstest.console.dll, CurrentDomainAssemblyResolve: Failed to resolve assembly 'Microsoft.Bcl.AsyncInterfaces'.
TpTrace Warning: 0 : 2384, 1, 2022/08/11, 11:51:10.997, 97626908782, vstest.console.dll, TestPluginDiscoverer: Failed to get types from assembly 'Microsoft.Diagnostics.NETCore.Client, Version=0.2.2.41902, Culture=neutral, PublicKeyToken=31bf3856ad364e35'.  Skipping test extension scan for this assembly.  Error: System.Reflection.ReflectionTypeLoadException: Unable to load one or more of the requested types.
Could not load file or assembly 'Microsoft.Bcl.AsyncInterfaces, Version=1.0.0.0, Culture=neutral, PublicKeyToken=cc7b13ffcd2ddd51'. The system cannot find the file specified.
   at System.Reflection.RuntimeModule.GetTypes(RuntimeModule module)
   at System.Reflection.RuntimeModule.GetTypes()
   at System.Reflection.Assembly.GetTypes()
   at Microsoft.VisualStudio.TestPlatform.Common.ExtensionFramework.TestPluginDiscoverer.GetTestExtensionsFromAssembly[TPluginInfo,TExtension](Assembly assembly, Dictionary`2 pluginInfos)
System.IO.FileNotFoundException: Could not load file or assembly 'Microsoft.Bcl.AsyncInterfaces, Version=1.0.0.0, Culture=neutral, PublicKeyToken=cc7b13ffcd2ddd51'. The system cannot find the file specified.
File name: 'Microsoft.Bcl.AsyncInterfaces, Version=1.0.0.0, Culture=neutral, PublicKeyToken=cc7b13ffcd2ddd51'
TpTrace Warning: 0 : 2384, 1, 2022/08/11, 11:51:10.997, 97626909950, vstest.console.dll, LoaderExceptions: System.IO.FileNotFoundException: Could not load file or assembly 'Microsoft.Bcl.AsyncInterfaces, Version=1.0.0.0, Culture=neutral, PublicKeyToken=cc7b13ffcd2ddd51'. The system cannot find the file specified.
File name: 'Microsoft.Bcl.AsyncInterfaces, Version=1.0.0.0, Culture=neutral, PublicKeyToken=cc7b13ffcd2ddd51'
TpTrace Information: 0 : 2384, 1, 2022/08/11, 11:51:10.997, 97626911048, vstest.console.dll, AssemblyResolver.OnResolve: Microsoft.TestPlatform.Extensions.BlameDataCollector: Resolving assembly.
TpTrace Information: 0 : 2384, 1, 2022/08/11, 11:51:10.997, 97626911470, vstest.console.dll, AssemblyResolver.OnResolve: Microsoft.TestPlatform.Extensions.BlameDataCollector: Searching in: 'C:\Program Files\dotnet\sdk\5.0.408\Extensions'.
TpTrace Information: 0 : 2384, 1, 2022/08/11, 11:51:10.997, 97626914261, vstest.console.dll, AssemblyResolver.OnResolve: Microsoft.TestPlatform.Extensions.BlameDataCollector: Loading assembly 'C:\Program Files\dotnet\sdk\5.0.408\Extensions\Microsoft.TestPlatform.Extensions.BlameDataCollector.dll'.
TpTrace Information: 0 : 2384, 1, 2022/08/11, 11:51:10.998, 97626920766, vstest.console.dll, AssemblyResolver.OnResolve: Resolved assembly: Microsoft.TestPlatform.Extensions.BlameDataCollector, from path: C:\Program Files\dotnet\sdk\5.0.408\Extensions\Microsoft.TestPlatform.Extensions.BlameDataCollector.dll
TpTrace Information: 0 : 2384, 1, 2022/08/11, 11:51:10.999, 97626926856, vstest.console.dll, AssemblyResolver.OnResolve: Microsoft.TestPlatform.Extensions.EventLogCollector: Resolving assembly.
TpTrace Information: 0 : 2384, 1, 2022/08/11, 11:51:10.999, 97626927504, vstest.console.dll, AssemblyResolver.OnResolve: Microsoft.TestPlatform.Extensions.EventLogCollector: Searching in: 'C:\Program Files\dotnet\sdk\5.0.408\Extensions'.
TpTrace Information: 0 : 2384, 1, 2022/08/11, 11:51:10.999, 97626929894, vstest.console.dll, AssemblyResolver.OnResolve: Microsoft.TestPlatform.Extensions.EventLogCollector: Loading assembly 'C:\Program Files\dotnet\sdk\5.0.408\Extensions\Microsoft.TestPlatform.Extensions.EventLogCollector.dll'.
TpTrace Information: 0 : 2384, 1, 2022/08/11, 11:51:10.999, 97626933659, vstest.console.dll, AssemblyResolver.OnResolve: Resolved assembly: Microsoft.TestPlatform.Extensions.EventLogCollector, from path: C:\Program Files\dotnet\sdk\5.0.408\Extensions\Microsoft.TestPlatform.Extensions.EventLogCollector.dll
TpTrace Information: 0 : 2384, 1, 2022/08/11, 11:51:11.001, 97626951298, vstest.console.dll, AssemblyResolver.OnResolve: Microsoft.TestPlatform.TestHostRuntimeProvider: Resolving assembly.
TpTrace Information: 0 : 2384, 1, 2022/08/11, 11:51:11.001, 97626952162, vstest.console.dll, AssemblyResolver.OnResolve: Microsoft.TestPlatform.TestHostRuntimeProvider: Searching in: 'C:\Program Files\dotnet\sdk\5.0.408\Extensions'.
TpTrace Information: 0 : 2384, 1, 2022/08/11, 11:51:11.001, 97626954570, vstest.console.dll, AssemblyResolver.OnResolve: Microsoft.TestPlatform.TestHostRuntimeProvider: Loading assembly 'C:\Program Files\dotnet\sdk\5.0.408\Extensions\Microsoft.TestPlatform.TestHostRuntimeProvider.dll'.
TpTrace Information: 0 : 2384, 1, 2022/08/11, 11:51:11.002, 97626960381, vstest.console.dll, AssemblyResolver.OnResolve: Resolved assembly: Microsoft.TestPlatform.TestHostRuntimeProvider, from path: C:\Program Files\dotnet\sdk\5.0.408\Extensions\Microsoft.TestPlatform.TestHostRuntimeProvider.dll
TpTrace Information: 0 : 2384, 1, 2022/08/11, 11:51:11.003, 97626972413, vstest.console.dll, AssemblyResolver.OnResolve: Microsoft.VisualStudio.TestPlatform.Extensions.Html.TestLogger: Resolving assembly.
TpTrace Information: 0 : 2384, 1, 2022/08/11, 11:51:11.003, 97626973233, vstest.console.dll, AssemblyResolver.OnResolve: Microsoft.VisualStudio.TestPlatform.Extensions.Html.TestLogger: Searching in: 'C:\Program Files\dotnet\sdk\5.0.408\Extensions'.
TpTrace Information: 0 : 2384, 1, 2022/08/11, 11:51:11.004, 97626975999, vstest.console.dll, AssemblyResolver.OnResolve: Microsoft.VisualStudio.TestPlatform.Extensions.Html.TestLogger: Loading assembly 'C:\Program Files\dotnet\sdk\5.0.408\Extensions\Microsoft.VisualStudio.TestPlatform.Extensions.Html.TestLogger.dll'.
TpTrace Information: 0 : 2384, 1, 2022/08/11, 11:51:11.004, 97626982761, vstest.console.dll, AssemblyResolver.OnResolve: Resolved assembly: Microsoft.VisualStudio.TestPlatform.Extensions.Html.TestLogger, from path: C:\Program Files\dotnet\sdk\5.0.408\Extensions\Microsoft.VisualStudio.TestPlatform.Extensions.Html.TestLogger.dll
TpTrace Information: 0 : 2384, 1, 2022/08/11, 11:51:11.005, 97626986395, vstest.console.dll, AssemblyResolver.OnResolve: Microsoft.VisualStudio.TestPlatform.Extensions.Trx.TestLogger: Resolving assembly.
TpTrace Information: 0 : 2384, 1, 2022/08/11, 11:51:11.005, 97626987022, vstest.console.dll, AssemblyResolver.OnResolve: Microsoft.VisualStudio.TestPlatform.Extensions.Trx.TestLogger: Searching in: 'C:\Program Files\dotnet\sdk\5.0.408\Extensions'.
TpTrace Information: 0 : 2384, 1, 2022/08/11, 11:51:11.005, 97626989410, vstest.console.dll, AssemblyResolver.OnResolve: Microsoft.VisualStudio.TestPlatform.Extensions.Trx.TestLogger: Loading assembly 'C:\Program Files\dotnet\sdk\5.0.408\Extensions\Microsoft.VisualStudio.TestPlatform.Extensions.Trx.TestLogger.dll'.
TpTrace Information: 0 : 2384, 1, 2022/08/11, 11:51:11.006, 97626995395, vstest.console.dll, AssemblyResolver.OnResolve: Resolved assembly: Microsoft.VisualStudio.TestPlatform.Extensions.Trx.TestLogger, from path: C:\Program Files\dotnet\sdk\5.0.408\Extensions\Microsoft.VisualStudio.TestPlatform.Extensions.Trx.TestLogger.dll
TpTrace Verbose: 0 : 2384, 1, 2022/08/11, 11:51:11.006, 97627000277, vstest.console.dll, TestPluginCache: Discovered the extensions using extension path ''.
TpTrace Verbose: 0 : 2384, 1, 2022/08/11, 11:51:11.006, 97627000819, vstest.console.dll, TestPluginCache: Discoverers are ''.
TpTrace Verbose: 0 : 2384, 1, 2022/08/11, 11:51:11.006, 97627001078, vstest.console.dll, TestPluginCache: Executors are ''.
TpTrace Verbose: 0 : 2384, 1, 2022/08/11, 11:51:11.006, 97627001297, vstest.console.dll, TestPluginCache: Executors2 are ''.
TpTrace Verbose: 0 : 2384, 1, 2022/08/11, 11:51:11.006, 97627001562, vstest.console.dll, TestPluginCache: Setting providers are ''.
TpTrace Verbose: 0 : 2384, 1, 2022/08/11, 11:51:11.006, 97627001776, vstest.console.dll, TestPluginCache: Loggers are ''.
TpTrace Information: 0 : 2384, 1, 2022/08/11, 11:51:11.011, 97627046172, vstest.console.dll, RunTestsArgumentProcessor:Execute: Test run is starting.
TpTrace Verbose: 0 : 2384, 1, 2022/08/11, 11:51:11.011, 97627047102, vstest.console.dll, RunTestsArgumentProcessor:Execute: Queuing Test run.
TpTrace Information: 0 : 2384, 1, 2022/08/11, 11:51:11.011, 97627049016, vstest.console.dll, TestRequestManager.RunTests: run tests started.
TpTrace Information: 0 : 2384, 1, 2022/08/11, 11:51:11.014, 97627074977, vstest.console.dll, AssemblyMetadataProvider.GetFrameWork: Determined framework:'.NETCoreApp,Version=v3.1' for source: 'C:\Users\rpn\source\repos\PetsAPI\TestPetsAPI\bin\Debug\netcoreapp3.1\fine-code-coverage\build-output\TestPetsAPI.dll'
TpTrace Information: 0 : 2384, 1, 2022/08/11, 11:51:11.014, 97627076517, vstest.console.dll, Determined framework for all sources: .NETCoreApp,Version=v3.1
TpTrace Information: 0 : 2384, 1, 2022/08/11, 11:51:11.014, 97627079954, vstest.console.dll, AssemblyMetadataProvider.GetArchitecture: Determined architecture:AnyCPU info for assembly: C:\Users\rpn\source\repos\PetsAPI\TestPetsAPI\bin\Debug\netcoreapp3.1\fine-code-coverage\build-output\TestPetsAPI.dll
TpTrace Information: 0 : 2384, 1, 2022/08/11, 11:51:11.016, 97627096345, vstest.console.dll, Determined platform for all sources: X64
TpTrace Information: 0 : 2384, 1, 2022/08/11, 11:51:11.018, 97627120349, vstest.console.dll, Compatible sources list : 
TpTrace Information: 0 : 2384, 1, 2022/08/11, 11:51:11.018, 97627121064, vstest.console.dll, C:\Users\rpn\source\repos\PetsAPI\TestPetsAPI\bin\Debug\netcoreapp3.1\fine-code-coverage\build-output\TestPetsAPI.dll
TpTrace Information: 0 : 2384, 1, 2022/08/11, 11:51:11.020, 97627138737, vstest.console.dll, InferRunSettingsHelper.IsTestSettingsEnabled: Unable to navigate to RunSettings/MSTest. Current node: RunSettings
TpTrace Information: 0 : 2384, 1, 2022/08/11, 11:51:11.020, 97627144515, vstest.console.dll, AssemblyResolver.OnResolve: Microsoft.VisualStudio.TestPlatform.Fakes: Resolving assembly.
TpTrace Information: 0 : 2384, 1, 2022/08/11, 11:51:11.021, 97627145140, vstest.console.dll, AssemblyResolver.OnResolve: Microsoft.VisualStudio.TestPlatform.Fakes: Searching in: 'C:\Program Files\dotnet\sdk\5.0.408\Extensions'.
TpTrace Information: 0 : 2384, 1, 2022/08/11, 11:51:11.021, 97627146268, vstest.console.dll, AssemblyResolver.OnResolve: Microsoft.VisualStudio.TestPlatform.Fakes: Assembly path does not exist: 'C:\Program Files\dotnet\sdk\5.0.408\Extensions\Microsoft.VisualStudio.TestPlatform.Fakes.dll', returning.
TpTrace Information: 0 : 2384, 1, 2022/08/11, 11:51:11.021, 97627147135, vstest.console.dll, AssemblyResolver.OnResolve: Microsoft.VisualStudio.TestPlatform.Fakes: Assembly path does not exist: 'C:\Program Files\dotnet\sdk\5.0.408\Extensions\Microsoft.VisualStudio.TestPlatform.Fakes.exe', returning.
TpTrace Information: 0 : 2384, 1, 2022/08/11, 11:51:11.021, 97627147466, vstest.console.dll, AssemblyResolver.OnResolve: Microsoft.VisualStudio.TestPlatform.Fakes: Searching in: 'C:\Program Files\dotnet\sdk\5.0.408'.
TpTrace Information: 0 : 2384, 1, 2022/08/11, 11:51:11.021, 97627148218, vstest.console.dll, AssemblyResolver.OnResolve: Microsoft.VisualStudio.TestPlatform.Fakes: Assembly path does not exist: 'C:\Program Files\dotnet\sdk\5.0.408\Microsoft.VisualStudio.TestPlatform.Fakes.dll', returning.
TpTrace Information: 0 : 2384, 1, 2022/08/11, 11:51:11.021, 97627148858, vstest.console.dll, AssemblyResolver.OnResolve: Microsoft.VisualStudio.TestPlatform.Fakes: Assembly path does not exist: 'C:\Program Files\dotnet\sdk\5.0.408\Microsoft.VisualStudio.TestPlatform.Fakes.exe', returning.
TpTrace Information: 0 : 2384, 1, 2022/08/11, 11:51:11.021, 97627149234, vstest.console.dll, AssemblyResolver.OnResolve: Microsoft.VisualStudio.TestPlatform.Fakes: Failed to load assembly.
TpTrace Information: 0 : 2384, 1, 2022/08/11, 11:51:11.021, 97627152528, vstest.console.dll, Failed to create newly implemented Fakes Configurator. Reason:System.IO.FileNotFoundException: Could not load file or assembly 'Microsoft.VisualStudio.TestPlatform.Fakes, Version=16.0.0.0, Culture=neutral, PublicKeyToken=null'. The system cannot find the file specified.
File name: 'Microsoft.VisualStudio.TestPlatform.Fakes, Version=16.0.0.0, Culture=neutral, PublicKeyToken=null'
   at System.Reflection.RuntimeAssembly.InternalLoad(ObjectHandleOnStack assemblyName, ObjectHandleOnStack requestingAssembly, StackCrawlMarkHandle stackMark, Boolean throwOnFileNotFound, ObjectHandleOnStack assemblyLoadContext, ObjectHandleOnStack retAssembly)
   at System.Reflection.RuntimeAssembly.InternalLoad(AssemblyName assemblyName, RuntimeAssembly requestingAssembly, StackCrawlMark& stackMark, Boolean throwOnFileNotFound, AssemblyLoadContext assemblyLoadContext)
   at System.Reflection.Assembly.Load(AssemblyName assemblyRef)
   at Microsoft.VisualStudio.TestPlatform.Common.Utilities.FakesUtilities.TryGetFakesCrossPlatformDataCollectorConfigurator() 
TpTrace Verbose: 0 : 2384, 1, 2022/08/11, 11:51:11.025, 97627186205, vstest.console.dll, TestPluginCache.DiscoverTestExtensions: finding test extensions in assemblies ends with: TestLogger.dll TPluginInfo: Microsoft.VisualStudio.TestPlatform.Common.ExtensionFramework.Utilities.TestLoggerPluginInformation TExtension: Microsoft.VisualStudio.TestPlatform.ObjectModel.Client.ITestLogger
TpTrace Verbose: 0 : 2384, 1, 2022/08/11, 11:51:11.025, 97627187062, vstest.console.dll, TestPluginCache.GetExtensionPaths: Filtered extension paths: 
TpTrace Verbose: 0 : 2384, 1, 2022/08/11, 11:51:11.025, 97627187393, vstest.console.dll, TestPluginCache.GetExtensionPaths: Added default extension paths: C:\Program Files\dotnet\sdk\5.0.408\Extensions\Microsoft.Diagnostics.NETCore.Client.dll
C:\Program Files\dotnet\sdk\5.0.408\Extensions\Microsoft.TestPlatform.Extensions.BlameDataCollector.dll
C:\Program Files\dotnet\sdk\5.0.408\Extensions\Microsoft.TestPlatform.Extensions.EventLogCollector.dll
C:\Program Files\dotnet\sdk\5.0.408\Extensions\Microsoft.TestPlatform.TestHostRuntimeProvider.dll
C:\Program Files\dotnet\sdk\5.0.408\Extensions\Microsoft.VisualStudio.TestPlatform.Extensions.Html.TestLogger.dll
C:\Program Files\dotnet\sdk\5.0.408\Extensions\Microsoft.VisualStudio.TestPlatform.Extensions.Trx.TestLogger.dll
TpTrace Verbose: 0 : 2384, 1, 2022/08/11, 11:51:11.025, 97627187721, vstest.console.dll, TestPluginCache.GetExtensionPaths: Added unfilterableExtensionPaths: 
TpTrace Information: 0 : 2384, 1, 2022/08/11, 11:51:11.025, 97627189147, vstest.console.dll, AssemblyResolver.AddSearchDirectories: Adding more searchDirectories C:\Program Files\dotnet\sdk\5.0.408\Extensions,C:\Program Files\dotnet\sdk\5.0.408
TpTrace Verbose: 0 : 2384, 1, 2022/08/11, 11:51:11.025, 97627189573, vstest.console.dll, TestPluginCache.DiscoverTestExtensions: Discovering the extensions using extension path.
TpTrace Verbose: 0 : 2384, 1, 2022/08/11, 11:51:11.025, 97627189845, vstest.console.dll, TestPluginCache.GetExtensionPaths: Filtered extension paths: 
TpTrace Verbose: 0 : 2384, 1, 2022/08/11, 11:51:11.025, 97627190147, vstest.console.dll, TestPluginCache.GetExtensionPaths: Added default extension paths: C:\Program Files\dotnet\sdk\5.0.408\Extensions\Microsoft.Diagnostics.NETCore.Client.dll
C:\Program Files\dotnet\sdk\5.0.408\Extensions\Microsoft.TestPlatform.Extensions.BlameDataCollector.dll
C:\Program Files\dotnet\sdk\5.0.408\Extensions\Microsoft.TestPlatform.Extensions.EventLogCollector.dll
C:\Program Files\dotnet\sdk\5.0.408\Extensions\Microsoft.TestPlatform.TestHostRuntimeProvider.dll
C:\Program Files\dotnet\sdk\5.0.408\Extensions\Microsoft.VisualStudio.TestPlatform.Extensions.Html.TestLogger.dll
C:\Program Files\dotnet\sdk\5.0.408\Extensions\Microsoft.VisualStudio.TestPlatform.Extensions.Trx.TestLogger.dll
TpTrace Verbose: 0 : 2384, 1, 2022/08/11, 11:51:11.025, 97627190436, vstest.console.dll, TestPluginCache.GetExtensionPaths: Added unfilterableExtensionPaths: 
TpTrace Verbose: 0 : 2384, 1, 2022/08/11, 11:51:11.025, 97627190763, vstest.console.dll, TestPluginCache.DiscoverTestExtensions: Discovering the extensions using allExtensionPaths: C:\Program Files\dotnet\sdk\5.0.408\Extensions\Microsoft.Diagnostics.NETCore.Client.dll
C:\Program Files\dotnet\sdk\5.0.408\Extensions\Microsoft.TestPlatform.Extensions.BlameDataCollector.dll
C:\Program Files\dotnet\sdk\5.0.408\Extensions\Microsoft.TestPlatform.Extensions.EventLogCollector.dll
C:\Program Files\dotnet\sdk\5.0.408\Extensions\Microsoft.TestPlatform.TestHostRuntimeProvider.dll
C:\Program Files\dotnet\sdk\5.0.408\Extensions\Microsoft.VisualStudio.TestPlatform.Extensions.Html.TestLogger.dll
C:\Program Files\dotnet\sdk\5.0.408\Extensions\Microsoft.VisualStudio.TestPlatform.Extensions.Trx.TestLogger.dll
TpTrace Information: 0 : 2384, 1, 2022/08/11, 11:51:11.025, 97627191153, vstest.console.dll, AssemblyResolver.AddSearchDirectories: Adding more searchDirectories C:\Program Files\dotnet\sdk\5.0.408\Extensions,C:\Program Files\dotnet\sdk\5.0.408
TpTrace Information: 0 : 2384, 1, 2022/08/11, 11:51:11.025, 97627191497, vstest.console.dll, AssemblyResolver.AddSearchDirectories: Adding more searchDirectories C:\Program Files\dotnet\sdk\5.0.408\Extensions,C:\Program Files\dotnet\sdk\5.0.408
TpTrace Information: 0 : 2384, 1, 2022/08/11, 11:51:11.025, 97627191763, vstest.console.dll, AssemblyResolver.AddSearchDirectories: Adding more searchDirectories C:\Program Files\dotnet\sdk\5.0.408\Extensions,C:\Program Files\dotnet\sdk\5.0.408
TpTrace Information: 0 : 2384, 1, 2022/08/11, 11:51:11.025, 97627192024, vstest.console.dll, AssemblyResolver.AddSearchDirectories: Adding more searchDirectories C:\Program Files\dotnet\sdk\5.0.408\Extensions,C:\Program Files\dotnet\sdk\5.0.408
TpTrace Information: 0 : 2384, 1, 2022/08/11, 11:51:11.025, 97627192327, vstest.console.dll, AssemblyResolver.AddSearchDirectories: Adding more searchDirectories C:\Program Files\dotnet\sdk\5.0.408\Extensions,C:\Program Files\dotnet\sdk\5.0.408
TpTrace Information: 0 : 2384, 1, 2022/08/11, 11:51:11.025, 97627192585, vstest.console.dll, AssemblyResolver.AddSearchDirectories: Adding more searchDirectories C:\Program Files\dotnet\sdk\5.0.408\Extensions,C:\Program Files\dotnet\sdk\5.0.408
TpTrace Information: 0 : 2384, 1, 2022/08/11, 11:51:11.026, 97627194661, vstest.console.dll, AssemblyResolver.OnResolve: Microsoft.Bcl.AsyncInterfaces: Resolving assembly.
TpTrace Information: 0 : 2384, 1, 2022/08/11, 11:51:11.026, 97627195032, vstest.console.dll, AssemblyResolver.OnResolve: Microsoft.Bcl.AsyncInterfaces: Resolved from cache.
TpTrace Verbose: 0 : 2384, 1, 2022/08/11, 11:51:11.026, 97627195379, vstest.console.dll, CurrentDomainAssemblyResolve: Resolving assembly 'Microsoft.Bcl.AsyncInterfaces'.
TpTrace Information: 0 : 2384, 1, 2022/08/11, 11:51:11.026, 97627195844, vstest.console.dll, AssemblyResolver.OnResolve: Microsoft.Bcl.AsyncInterfaces: Resolving assembly.
TpTrace Information: 0 : 2384, 1, 2022/08/11, 11:51:11.026, 97627196119, vstest.console.dll, AssemblyResolver.OnResolve: Microsoft.Bcl.AsyncInterfaces: Resolved from cache.
TpTrace Verbose: 0 : 2384, 1, 2022/08/11, 11:51:11.026, 97627196380, vstest.console.dll, CurrentDomainAssemblyResolve: Resolving assembly 'Microsoft.Bcl.AsyncInterfaces'.
TpTrace Verbose: 0 : 2384, 1, 2022/08/11, 11:51:11.026, 97627196690, vstest.console.dll, CurrentDomainAssemblyResolve: Failed to resolve assembly 'Microsoft.Bcl.AsyncInterfaces'.
TpTrace Verbose: 0 : 2384, 1, 2022/08/11, 11:51:11.026, 97627198876, vstest.console.dll, CurrentDomainAssemblyResolve: Failed to resolve assembly 'Microsoft.Bcl.AsyncInterfaces'.
TpTrace Warning: 0 : 2384, 1, 2022/08/11, 11:51:11.026, 97627202594, vstest.console.dll, TestPluginDiscoverer: Failed to get types from assembly 'Microsoft.Diagnostics.NETCore.Client, Version=0.2.2.41902, Culture=neutral, PublicKeyToken=31bf3856ad364e35'.  Skipping test extension scan for this assembly.  Error: System.Reflection.ReflectionTypeLoadException: Unable to load one or more of the requested types.
Could not load file or assembly 'Microsoft.Bcl.AsyncInterfaces, Version=1.0.0.0, Culture=neutral, PublicKeyToken=cc7b13ffcd2ddd51'. The system cannot find the file specified.
   at System.Reflection.RuntimeModule.GetTypes(RuntimeModule module)
   at System.Reflection.RuntimeModule.GetTypes()
   at System.Reflection.Assembly.GetTypes()
   at Microsoft.VisualStudio.TestPlatform.Common.ExtensionFramework.TestPluginDiscoverer.GetTestExtensionsFromAssembly[TPluginInfo,TExtension](Assembly assembly, Dictionary`2 pluginInfos)
System.IO.FileNotFoundException: Could not load file or assembly 'Microsoft.Bcl.AsyncInterfaces, Version=1.0.0.0, Culture=neutral, PublicKeyToken=cc7b13ffcd2ddd51'. The system cannot find the file specified.
File name: 'Microsoft.Bcl.AsyncInterfaces, Version=1.0.0.0, Culture=neutral, PublicKeyToken=cc7b13ffcd2ddd51'
TpTrace Warning: 0 : 2384, 1, 2022/08/11, 11:51:11.026, 97627203255, vstest.console.dll, LoaderExceptions: System.IO.FileNotFoundException: Could not load file or assembly 'Microsoft.Bcl.AsyncInterfaces, Version=1.0.0.0, Culture=neutral, PublicKeyToken=cc7b13ffcd2ddd51'. The system cannot find the file specified.
File name: 'Microsoft.Bcl.AsyncInterfaces, Version=1.0.0.0, Culture=neutral, PublicKeyToken=cc7b13ffcd2ddd51'
TpTrace Verbose: 0 : 2384, 1, 2022/08/11, 11:51:11.027, 97627207177, vstest.console.dll, TestPluginCache: Discovered the extensions using extension path ''.
TpTrace Verbose: 0 : 2384, 1, 2022/08/11, 11:51:11.027, 97627207646, vstest.console.dll, TestPluginCache: Discoverers are ''.
TpTrace Verbose: 0 : 2384, 1, 2022/08/11, 11:51:11.027, 97627207882, vstest.console.dll, TestPluginCache: Executors are ''.
TpTrace Verbose: 0 : 2384, 1, 2022/08/11, 11:51:11.027, 97627208093, vstest.console.dll, TestPluginCache: Executors2 are ''.
TpTrace Verbose: 0 : 2384, 1, 2022/08/11, 11:51:11.027, 97627208345, vstest.console.dll, TestPluginCache: Setting providers are ''.
TpTrace Verbose: 0 : 2384, 1, 2022/08/11, 11:51:11.027, 97627208969, vstest.console.dll, TestPluginCache: Loggers are 'logger://Microsoft/TestPlatform/Extensions/Blame/v1,logger://Microsoft/TestPlatform/HtmlLogger/v1,logger://Microsoft/TestPlatform/TrxLogger/v1'.
TpTrace Information: 0 : 2384, 1, 2022/08/11, 11:51:11.028, 97627214635, vstest.console.dll, TestPluginManager.CreateTestExtension: Attempting to load test extension: Microsoft.TestPlatform.Extensions.BlameDataCollector.BlameLogger
TpTrace Information: 0 : 2384, 1, 2022/08/11, 11:51:11.035, 97627292944, vstest.console.dll, TestPluginManager.CreateTestExtension: Attempting to load test extension: Microsoft.VisualStudio.TestPlatform.CrossPlatEngine.Hosting.DefaultTestHostManager
TpTrace Information: 0 : 2384, 1, 2022/08/11, 11:51:11.036, 97627295544, vstest.console.dll, TestPluginManager.CreateTestExtension: Attempting to load test extension: Microsoft.VisualStudio.TestPlatform.CrossPlatEngine.Hosting.DotnetTestHostManager
TpTrace Verbose: 0 : 2384, 1, 2022/08/11, 11:51:11.036, 97627300124, vstest.console.dll, TestEngine: Initializing Parallel Execution as MaxCpuCount is set to: 1
TpTrace Information: 0 : 2384, 1, 2022/08/11, 11:51:11.036, 97627304296, vstest.console.dll, InferRunSettingsHelper.IsTestSettingsEnabled: Unable to navigate to RunSettings/MSTest. Current node: RunSettings
TpTrace Verbose: 0 : 2384, 1, 2022/08/11, 11:51:11.048, 97627422363, vstest.console.dll, TestRequestSender is acting as server
TpTrace Verbose: 0 : 2384, 4, 2022/08/11, 11:51:11.051, 97627449990, vstest.console.dll, DataCollectionRequestSender.InitializeCommunication : Initialize communication. 
TpTrace Information: 0 : 2384, 4, 2022/08/11, 11:51:11.070, 97627635427, vstest.console.dll, Listening on Endpoint : 127.0.0.1:63075
TpTrace Verbose: 0 : 2384, 4, 2022/08/11, 11:51:11.079, 97627732284, vstest.console.dll, DotnetDataCollectionLauncher: Full path of dotnet.exe is C:\Program Files\dotnet\dotnet.exe
TpTrace Verbose: 0 : 2384, 4, 2022/08/11, 11:51:11.079, 97627733948, vstest.console.dll, DotnetDataCollectionLauncher: Adding  --runtimeconfig "C:\Program Files\dotnet\sdk\5.0.408\datacollector.runtimeconfig.json" in args
TpTrace Verbose: 0 : 2384, 4, 2022/08/11, 11:51:11.080, 97627734843, vstest.console.dll, DotnetDataCollectionLauncher: Adding  --depsfile "C:\Program Files\dotnet\sdk\5.0.408\datacollector.deps.json" in args
TpTrace Information: 0 : 2384, 4, 2022/08/11, 11:51:11.089, 97627830227, vstest.console.dll, ProxyDataCollectionManager.Initialize: Launched datacollector processId: 32488 port: 63075
TpTrace Information: 0 : 2384, 4, 2022/08/11, 11:51:11.089, 97627832123, vstest.console.dll, ProxyDataCollectionManager.Initialize: waiting for connection with timeout: 90 seconds
TpTrace Verbose: 0 : 2384, 4, 2022/08/11, 11:51:11.089, 97627833019, vstest.console.dll, DataCollectionRequestSender.WaitForRequestHandlerConnection : Waiting for connection with timeout: 90000
TpTrace Information: 0 : 2384, 7, 2022/08/11, 11:51:11.295, 97629887056, vstest.console.dll, Using the buffer size of 16384 bytes
TpTrace Verbose: 0 : 2384, 4, 2022/08/11, 11:51:11.295, 97629887897, vstest.console.dll, ProxyDataCollectionManager.InvokeDataCollectionServiceAction: Starting.
TpTrace Information: 0 : 2384, 7, 2022/08/11, 11:51:11.295, 97629889216, vstest.console.dll, Accepted Client request and set the flag
TpTrace Information: 0 : 2384, 4, 2022/08/11, 11:51:11.295, 97629889588, vstest.console.dll, ProxyDataCollectionManager.BeforeTestRunStart: Get environment variable and port for datacollector processId: 32488 port: 63075
TpTrace Verbose: 0 : 2384, 4, 2022/08/11, 11:51:11.295, 97629891188, vstest.console.dll, DataCollectionRequestSender.SendBeforeTestRunStartAndGetResult : Send BeforeTestRunStart message with settingsXml <RunSettings><RunConfiguration><ResultsDirectory>C:\Users\rpn\source\repos\PetsAPI\TestPetsAPI\bin\Debug\netcoreapp3.1\fine-code-coverage\coverage-tool-output</ResultsDirectory><TargetPlatform>X64</TargetPlatform><TargetFrameworkVersion>.NETCoreApp,Version=v3.1</TargetFrameworkVersion><DesignMode>False</DesignMode><CollectSourceInformation>False</CollectSourceInformation><TestAdaptersPaths>C:\Program Files\dotnet\sdk\5.0.408\Extensions</TestAdaptersPaths></RunConfiguration><LoggerRunSettings><Loggers><Logger friendlyName="blame" enabled="True" /><Logger friendlyName="Console" uri="logger://microsoft/TestPlatform/ConsoleLogger/v1" assemblyQualifiedName="Microsoft.VisualStudio.TestPlatform.CommandLine.Internal.ConsoleLogger, vstest.console, Version=15.0.0.0, Culture=neutral, PublicKeyToken=b03f5f7f11d50a3a" codeBase="C:\Program Files\dotnet\sdk\5.0.408\vstest.console.dll" enabled="True" /></Loggers></LoggerRunSettings><DataCollectionRunSettings><DataCollectors><DataCollector friendlyName="blame" enabled="True"><Configuration><ResultsDirectory>C:\Users\rpn\source\repos\PetsAPI\TestPetsAPI\bin\Debug\netcoreapp3.1\fine-code-coverage\coverage-tool-output</ResultsDirectory></Configuration></DataCollector></DataCollectors></DataCollectionRunSettings></RunSettings> and sources System.Linq.Enumerable+Concat2Iterator`1[System.String]: 
TpTrace Verbose: 0 : 2384, 4, 2022/08/11, 11:51:11.376, 97630702667, vstest.console.dll, DataCollectionRequestSender.SendBeforeTestRunStartAndGetResult : Received message: (DataCollection.SendMessage) -> {
  "FriendlyName": null,
  "Uri": null,
  "TestCaseId": "00000000-0000-0000-0000-000000000000",
  "Message": "Logging DataCollector Diagnostics in file: C:\\Users\\rpn\\source\\repos\\PetsAPI\\TestPetsAPI\\bin\\Debug\\netcoreapp3.1\\fine-code-coverage\\coverage-tool-output\\diagnostics.datacollector.22-08-11_11-51-11_07586_4.log",
  "Level": 0
}
TpTrace Verbose: 0 : 2384, 4, 2022/08/11, 11:51:11.436, 97631301469, vstest.console.dll, DataCollectionRequestSender.SendBeforeTestRunStartAndGetResult : Received message: (DataCollection.BeforeTestRunStartResult) -> {
  "EnvironmentVariables": {},
  "DataCollectionEventsPort": 63077
}
TpTrace Information: 0 : 2384, 4, 2022/08/11, 11:51:11.442, 97631357041, vstest.console.dll, ProxyDataCollectionManager.BeforeTestRunStart: SendBeforeTestRunStartAndGetResult successful, env variable from datacollector:   and testhost port: 63077
TpTrace Information: 0 : 2384, 4, 2022/08/11, 11:51:11.442, 97631358280, vstest.console.dll, ProxyDataCollectionManager.InvokeDataCollectionServiceAction: Completed.
TpTrace Verbose: 0 : 2384, 1, 2022/08/11, 11:51:11.442, 97631360084, vstest.console.dll, TestRunRequest.ExecuteAsync: Creating test run request.
TpTrace Verbose: 0 : 2384, 1, 2022/08/11, 11:51:11.442, 97631362497, vstest.console.dll, TestRunRequest.ExecuteAsync: Starting.
TpTrace Information: 0 : 2384, 1, 2022/08/11, 11:51:11.443, 97631365561, vstest.console.dll, TestRunRequest.ExecuteAsync: Starting run with settings:TestRunCriteria:
   KeepAlive=False,FrequencyOfRunStatsChangeEvent=10,RunStatsChangeEventTimeout=00:00:01.5000000,TestCaseFilter=,TestExecutorLauncher=
   Settingsxml=<RunSettings>
  <RunConfiguration>
    <ResultsDirectory>C:\Users\rpn\source\repos\PetsAPI\TestPetsAPI\bin\Debug\netcoreapp3.1\fine-code-coverage\coverage-tool-output</ResultsDirectory>
    <TargetPlatform>X64</TargetPlatform>
    <TargetFrameworkVersion>.NETCoreApp,Version=v3.1</TargetFrameworkVersion>
    <DesignMode>False</DesignMode>
    <CollectSourceInformation>False</CollectSourceInformation>
  </RunConfiguration>
  <LoggerRunSettings>
    <Loggers>
      <Logger friendlyName="blame" enabled="True" />
      <Logger friendlyName="Console" uri="logger://microsoft/TestPlatform/ConsoleLogger/v1" assemblyQualifiedName="Microsoft.VisualStudio.TestPlatform.CommandLine.Internal.ConsoleLogger, vstest.console, Version=15.0.0.0, Culture=neutral, PublicKeyToken=b03f5f7f11d50a3a" codeBase="C:\Program Files\dotnet\sdk\5.0.408\vstest.console.dll" enabled="True" />
    </Loggers>
  </LoggerRunSettings>
  <DataCollectionRunSettings>
    <DataCollectors>
      <DataCollector friendlyName="blame" enabled="True">
        <Configuration>
          <ResultsDirectory>C:\Users\rpn\source\repos\PetsAPI\TestPetsAPI\bin\Debug\netcoreapp3.1\fine-code-coverage\coverage-tool-output</ResultsDirectory>
        </Configuration>
      </DataCollector>
    </DataCollectors>
  </DataCollectionRunSettings>
</RunSettings>

TpTrace Verbose: 0 : 2384, 1, 2022/08/11, 11:51:11.443, 97631366094, vstest.console.dll, TestRunRequest.ExecuteAsync: Wait for the first run request is over.
TpTrace Verbose: 0 : 2384, 1, 2022/08/11, 11:51:11.443, 97631370940, vstest.console.dll, ParallelProxyExecutionManager: Start execution. Total sources: 1
TpTrace Information: 0 : 2384, 1, 2022/08/11, 11:51:11.444, 97631377313, vstest.console.dll, ProxyParallelExecutionManager: Triggering test run for next source: C:\Users\rpn\source\repos\PetsAPI\TestPetsAPI\bin\Debug\netcoreapp3.1\fine-code-coverage\build-output\TestPetsAPI.dll
TpTrace Verbose: 0 : 2384, 4, 2022/08/11, 11:51:11.444, 97631379912, vstest.console.dll, ParallelProxyExecutionManager: Execution started. Started clients: 1
TpTrace Verbose: 0 : 2384, 1, 2022/08/11, 11:51:11.444, 97631380197, vstest.console.dll, ProxyParallelExecutionManager: No sources available for execution.
TpTrace Information: 0 : 2384, 1, 2022/08/11, 11:51:11.444, 97631381873, vstest.console.dll, TestRunRequest.ExecuteAsync: Started.
TpTrace Verbose: 0 : 2384, 1, 2022/08/11, 11:51:11.444, 97631382986, vstest.console.dll, TestRunRequest.WaitForCompletion: Waiting with timeout -1.
TpTrace Verbose: 0 : 2384, 4, 2022/08/11, 11:51:11.444, 97631383988, vstest.console.dll, TestRunRequest:SendTestRunMessage: Starting.
TpTrace Information: 0 : 2384, 4, 2022/08/11, 11:51:11.445, 97631385518, vstest.console.dll, TestRunRequest:SendTestRunMessage: Completed.
TpTrace Verbose: 0 : 2384, 4, 2022/08/11, 11:51:11.445, 97631387698, vstest.console.dll, ProxyExecutionManager: Test host is always Lazy initialize.
TpTrace Verbose: 0 : 2384, 4, 2022/08/11, 11:51:11.445, 97631389678, vstest.console.dll, TestRequestSender.InitializeCommunication: initialize communication. 
TpTrace Information: 0 : 2384, 4, 2022/08/11, 11:51:11.446, 97631402124, vstest.console.dll, SocketServer.Start: Listening on endpoint : 127.0.0.1:63078
TpTrace Verbose: 0 : 2384, 4, 2022/08/11, 11:51:11.447, 97631410825, vstest.console.dll, DotnetTestHostmanager: Adding  --runtimeconfig "C:\Users\rpn\source\repos\PetsAPI\TestPetsAPI\bin\Debug\netcoreapp3.1\fine-code-coverage\build-output\TestPetsAPI.runtimeconfig.json" in args
TpTrace Verbose: 0 : 2384, 4, 2022/08/11, 11:51:11.447, 97631412165, vstest.console.dll, DotnetTestHostmanager: Adding  --depsfile "C:\Users\rpn\source\repos\PetsAPI\TestPetsAPI\bin\Debug\netcoreapp3.1\fine-code-coverage\build-output\TestPetsAPI.deps.json" in args
TpTrace Information: 0 : 2384, 4, 2022/08/11, 11:51:11.448, 97631414701, vstest.console.dll, AssemblyResolver.OnResolve: Microsoft.Extensions.DependencyModel: Resolving assembly.
TpTrace Information: 0 : 2384, 4, 2022/08/11, 11:51:11.448, 97631415415, vstest.console.dll, AssemblyResolver.OnResolve: Microsoft.Extensions.DependencyModel: Searching in: 'C:\Program Files\dotnet\sdk\5.0.408\Extensions'.
TpTrace Information: 0 : 2384, 4, 2022/08/11, 11:51:11.448, 97631416142, vstest.console.dll, AssemblyResolver.OnResolve: Microsoft.Extensions.DependencyModel: Assembly path does not exist: 'C:\Program Files\dotnet\sdk\5.0.408\Extensions\Microsoft.Extensions.DependencyModel.dll', returning.
TpTrace Information: 0 : 2384, 4, 2022/08/11, 11:51:11.448, 97631416970, vstest.console.dll, AssemblyResolver.OnResolve: Microsoft.Extensions.DependencyModel: Assembly path does not exist: 'C:\Program Files\dotnet\sdk\5.0.408\Extensions\Microsoft.Extensions.DependencyModel.exe', returning.
TpTrace Information: 0 : 2384, 4, 2022/08/11, 11:51:11.448, 97631417365, vstest.console.dll, AssemblyResolver.OnResolve: Microsoft.Extensions.DependencyModel: Searching in: 'C:\Program Files\dotnet\sdk\5.0.408'.
TpTrace Information: 0 : 2384, 4, 2022/08/11, 11:51:11.448, 97631419438, vstest.console.dll, AssemblyResolver.OnResolve: Microsoft.Extensions.DependencyModel: Loading assembly 'C:\Program Files\dotnet\sdk\5.0.408\Microsoft.Extensions.DependencyModel.dll'.
TpTrace Information: 0 : 2384, 4, 2022/08/11, 11:51:11.449, 97631425572, vstest.console.dll, AssemblyResolver.OnResolve: Resolved assembly: Microsoft.Extensions.DependencyModel, from path: C:\Program Files\dotnet\sdk\5.0.408\Microsoft.Extensions.DependencyModel.dll
TpTrace Verbose: 0 : 2384, 4, 2022/08/11, 11:51:11.449, 97631428912, vstest.console.dll, DotnetTestHostmanager: Reading file C:\Users\rpn\source\repos\PetsAPI\TestPetsAPI\bin\Debug\netcoreapp3.1\fine-code-coverage\build-output\TestPetsAPI.deps.json to get path of testhost.dll
TpTrace Verbose: 0 : 2384, 4, 2022/08/11, 11:51:11.468, 97631617346, vstest.console.dll, DotnetTestHostmanager: Relative path of testhost.dll with respect to package folder is microsoft.testplatform.testhost/16.5.0\lib/netcoreapp2.1/testhost.dll
TpTrace Verbose: 0 : 2384, 4, 2022/08/11, 11:51:11.468, 97631623197, vstest.console.dll, DotnetTestHostmanager: Looking for path microsoft.testplatform.testhost/16.5.0\lib/netcoreapp2.1/testhost.dll in folder C:\Users\rpn\.dotnet\store\|arch|\|tfm|
TpTrace Verbose: 0 : 2384, 4, 2022/08/11, 11:51:11.468, 97631624391, vstest.console.dll, DotnetTestHostmanager: Looking for path microsoft.testplatform.testhost/16.5.0\lib/netcoreapp2.1/testhost.dll in folder C:\Users\rpn\.nuget\packages
TpTrace Verbose: 0 : 2384, 4, 2022/08/11, 11:51:11.469, 97631626198, vstest.console.dll, DotnetTestHostManager: Testhost.exe/testhost.x86.exe found at path: C:\Users\rpn\.nuget\packages\microsoft.testplatform.testhost\16.5.0\build\netcoreapp2.1\x64\testhost.exe
TpTrace Verbose: 0 : 2384, 4, 2022/08/11, 11:51:11.469, 97631626758, vstest.console.dll, DotnetTestHostmanager: Full path of host exe is C:\Users\rpn\.nuget\packages\microsoft.testplatform.testhost\16.5.0\build\netcoreapp2.1\x64\testhost.exe
TpTrace Verbose: 0 : 2384, 6, 2022/08/11, 11:51:11.470, 97631634802, vstest.console.dll, DotnetTestHostManager: Starting process 'C:\Users\rpn\.nuget\packages\microsoft.testplatform.testhost\16.5.0\build\netcoreapp2.1\x64\testhost.exe' with command line ' --runtimeconfig "C:\Users\rpn\source\repos\PetsAPI\TestPetsAPI\bin\Debug\netcoreapp3.1\fine-code-coverage\build-output\TestPetsAPI.runtimeconfig.json" --depsfile "C:\Users\rpn\source\repos\PetsAPI\TestPetsAPI\bin\Debug\netcoreapp3.1\fine-code-coverage\build-output\TestPetsAPI.deps.json" --port 63078 --endpoint 127.0.0.1:063078 --role client --parentprocessid 2384 --diag "C:\Users\rpn\source\repos\PetsAPI\TestPetsAPI\bin\Debug\netcoreapp3.1\fine-code-coverage\coverage-tool-output\diagnostics.host.22-08-11_11-51-11_44721_4.log" --tracelevel 4 --datacollectionport 63077 --telemetryoptedin false'
TpTrace Verbose: 0 : 2384, 6, 2022/08/11, 11:51:11.477, 97631705348, vstest.console.dll, Test Runtime launched
TpTrace Verbose: 0 : 2384, 4, 2022/08/11, 11:51:11.477, 97631712813, vstest.console.dll, TestRequestSender.WaitForRequestHandlerConnection: waiting for connection with timeout: 90000
TpTrace Verbose: 0 : 2384, 14, 2022/08/11, 11:51:11.717, 97634108552, vstest.console.dll, SocketServer.OnClientConnected: Client connected for endPoint: 127.0.0.1:63078, starting MessageLoopAsync:
TpTrace Verbose: 0 : 2384, 13, 2022/08/11, 11:51:11.717, 97634110954, vstest.console.dll, TcpClientExtensions.MessageLoopAsync: Polling on remoteEndPoint: 127.0.0.1:63079 localEndPoint: 127.0.0.1:63078
TpTrace Verbose: 0 : 2384, 13, 2022/08/11, 11:51:11.894, 97635881436, vstest.console.dll, TcpClientExtensions.MessageLoopAsync: NotifyDataAvailable remoteEndPoint: 127.0.0.1:63079 localEndPoint: 127.0.0.1:63078
TpTrace Verbose: 0 : 2384, 13, 2022/08/11, 11:51:11.894, 97635884095, vstest.console.dll, TestRequestSender.CheckVersionWithTestHost: onMessageReceived received message: (ProtocolVersion) -> 2
TpTrace Verbose: 0 : 2384, 13, 2022/08/11, 11:51:11.895, 97635888459, vstest.console.dll, TcpClientExtensions.MessageLoopAsync: Polling on remoteEndPoint: 127.0.0.1:63079 localEndPoint: 127.0.0.1:63078
TpTrace Verbose: 0 : 2384, 4, 2022/08/11, 11:51:11.895, 97635889726, vstest.console.dll, TestPluginCache.GetExtensionPaths: Filtered extension paths: 
TpTrace Verbose: 0 : 2384, 4, 2022/08/11, 11:51:11.895, 97635890530, vstest.console.dll, TestPluginCache.GetExtensionPaths: Added default extension paths: C:\Program Files\dotnet\sdk\5.0.408\Extensions\Microsoft.Diagnostics.NETCore.Client.dll
C:\Program Files\dotnet\sdk\5.0.408\Extensions\Microsoft.TestPlatform.Extensions.BlameDataCollector.dll
C:\Program Files\dotnet\sdk\5.0.408\Extensions\Microsoft.TestPlatform.Extensions.EventLogCollector.dll
C:\Program Files\dotnet\sdk\5.0.408\Extensions\Microsoft.TestPlatform.TestHostRuntimeProvider.dll
C:\Program Files\dotnet\sdk\5.0.408\Extensions\Microsoft.VisualStudio.TestPlatform.Extensions.Html.TestLogger.dll
C:\Program Files\dotnet\sdk\5.0.408\Extensions\Microsoft.VisualStudio.TestPlatform.Extensions.Trx.TestLogger.dll
TpTrace Verbose: 0 : 2384, 4, 2022/08/11, 11:51:11.895, 97635890885, vstest.console.dll, TestPluginCache.GetExtensionPaths: Added unfilterableExtensionPaths: 
TpTrace Verbose: 0 : 2384, 4, 2022/08/11, 11:51:11.899, 97635925561, vstest.console.dll, TestRequestSender.InitializeExecution: Sending initializing execution with message: {"Version":2,"MessageType":"TestExecution.Initialize","Payload":["C:\\Users\\rpn\\source\\repos\\PetsAPI\\TestPetsAPI\\bin\\Debug\\netcoreapp3.1\\fine-code-coverage\\build-output\\xunit.runner.visualstudio.dotnetcore.testadapter.dll"]}
TpTrace Verbose: 0 : 2384, 13, 2022/08/11, 11:51:11.908, 97636016290, vstest.console.dll, TcpClientExtensions.MessageLoopAsync: NotifyDataAvailable remoteEndPoint: 127.0.0.1:63079 localEndPoint: 127.0.0.1:63078
TpTrace Verbose: 0 : 2384, 4, 2022/08/11, 11:51:11.908, 97636017033, vstest.console.dll, TestRequestSender.StartTestRun: Sending test run with message: {"Version":2,"MessageType":"TestExecution.StartWithSources","Payload":{"AdapterSourceMap":{"_none_":["C:\\Users\\rpn\\source\\repos\\PetsAPI\\TestPetsAPI\\bin\\Debug\\netcoreapp3.1\\fine-code-coverage\\build-output\\TestPetsAPI.dll"]},"RunSettings":"<RunSettings>\r\n  <RunConfiguration>\r\n    <ResultsDirectory>C:\\Users\\rpn\\source\\repos\\PetsAPI\\TestPetsAPI\\bin\\Debug\\netcoreapp3.1\\fine-code-coverage\\coverage-tool-output</ResultsDirectory>\r\n    <TargetPlatform>X64</TargetPlatform>\r\n    <TargetFrameworkVersion>.NETCoreApp,Version=v3.1</TargetFrameworkVersion>\r\n    <DesignMode>False</DesignMode>\r\n    <CollectSourceInformation>False</CollectSourceInformation>\r\n  </RunConfiguration>\r\n  <LoggerRunSettings>\r\n    <Loggers>\r\n      <Logger friendlyName=\"blame\" enabled=\"True\" />\r\n      <Logger friendlyName=\"Console\" uri=\"logger://microsoft/TestPlatform/ConsoleLogger/v1\" assemblyQualifiedName=\"Microsoft.VisualStudio.TestPlatform.CommandLine.Internal.ConsoleLogger, vstest.console, Version=15.0.0.0, Culture=neutral, PublicKeyToken=b03f5f7f11d50a3a\" codeBase=\"C:\\Program Files\\dotnet\\sdk\\5.0.408\\vstest.console.dll\" enabled=\"True\" />\r\n    </Loggers>\r\n  </LoggerRunSettings>\r\n  <DataCollectionRunSettings>\r\n    <DataCollectors>\r\n      <DataCollector friendlyName=\"blame\" enabled=\"True\">\r\n        <Configuration>\r\n          <ResultsDirectory>C:\\Users\\rpn\\source\\repos\\PetsAPI\\TestPetsAPI\\bin\\Debug\\netcoreapp3.1\\fine-code-coverage\\coverage-tool-output</ResultsDirectory>\r\n        </Configuration>\r\n      </DataCollector>\r\n    </DataCollectors>\r\n  </DataCollectionRunSettings>\r\n</RunSettings>","TestExecutionContext":{"FrequencyOfRunStatsChangeEvent":10,"RunStatsChangeEventTimeout":"00:00:01.5000000","InIsolation":false,"KeepAlive":false,"AreTestCaseLevelEventsRequired":false,"IsDebug":false,"TestCaseFilter":null,"FilterOptions":null},"Package":null}}
TpTrace Verbose: 0 : 2384, 13, 2022/08/11, 11:51:11.908, 97636018012, vstest.console.dll, TestRequestSender.OnExecutionMessageReceived: Received message: {"Version":2,"MessageType":"TestSession.Message","Payload":{"MessageLevel":0,"Message":"Logging TestHost Diagnostics in file: C:\\Users\\rpn\\source\\repos\\PetsAPI\\TestPetsAPI\\bin\\Debug\\netcoreapp3.1\\fine-code-coverage\\coverage-tool-output\\diagnostics.host.22-08-11_11-51-11_44721_4.log"}}
TpTrace Verbose: 0 : 2384, 13, 2022/08/11, 11:51:11.910, 97636036398, vstest.console.dll, TestRunRequest:SendTestRunMessage: Starting.
TpTrace Information: 0 : 2384, 13, 2022/08/11, 11:51:11.910, 97636037695, vstest.console.dll, TestRunRequest:SendTestRunMessage: Completed.
TpTrace Verbose: 0 : 2384, 13, 2022/08/11, 11:51:11.910, 97636038073, vstest.console.dll, TcpClientExtensions.MessageLoopAsync: Polling on remoteEndPoint: 127.0.0.1:63079 localEndPoint: 127.0.0.1:63078
TpTrace Verbose: 0 : 2384, 13, 2022/08/11, 11:51:12.058, 97637517657, vstest.console.dll, TcpClientExtensions.MessageLoopAsync: NotifyDataAvailable remoteEndPoint: 127.0.0.1:63079 localEndPoint: 127.0.0.1:63078
TpTrace Verbose: 0 : 2384, 13, 2022/08/11, 11:51:12.058, 97637518798, vstest.console.dll, TestRequestSender.OnExecutionMessageReceived: Received message: {"Version":2,"MessageType":"TestSession.Message","Payload":{"MessageLevel":0,"Message":"[xUnit.net 00:00:00.00] xUnit.net VSTest Adapter v2.4.0 (64-bit .NET Core 3.1.27)"}}
TpTrace Verbose: 0 : 2384, 13, 2022/08/11, 11:51:12.058, 97637520819, vstest.console.dll, TestRunRequest:SendTestRunMessage: Starting.
TpTrace Information: 0 : 2384, 13, 2022/08/11, 11:51:12.058, 97637521367, vstest.console.dll, TestRunRequest:SendTestRunMessage: Completed.
TpTrace Verbose: 0 : 2384, 13, 2022/08/11, 11:51:12.058, 97637521709, vstest.console.dll, TcpClientExtensions.MessageLoopAsync: Polling on remoteEndPoint: 127.0.0.1:63079 localEndPoint: 127.0.0.1:63078
TpTrace Verbose: 0 : 2384, 13, 2022/08/11, 11:51:12.690, 97643834772, vstest.console.dll, TcpClientExtensions.MessageLoopAsync: NotifyDataAvailable remoteEndPoint: 127.0.0.1:63079 localEndPoint: 127.0.0.1:63078
TpTrace Verbose: 0 : 2384, 13, 2022/08/11, 11:51:12.690, 97643835994, vstest.console.dll, TestRequestSender.OnExecutionMessageReceived: Received message: {"Version":2,"MessageType":"TestSession.Message","Payload":{"MessageLevel":0,"Message":"[xUnit.net 00:00:00.63]   Discovering: TestPetsAPI"}}
TpTrace Verbose: 0 : 2384, 13, 2022/08/11, 11:51:12.690, 97643838037, vstest.console.dll, TestRunRequest:SendTestRunMessage: Starting.
TpTrace Information: 0 : 2384, 13, 2022/08/11, 11:51:12.690, 97643838524, vstest.console.dll, TestRunRequest:SendTestRunMessage: Completed.
TpTrace Verbose: 0 : 2384, 13, 2022/08/11, 11:51:12.690, 97643838797, vstest.console.dll, TcpClientExtensions.MessageLoopAsync: Polling on remoteEndPoint: 127.0.0.1:63079 localEndPoint: 127.0.0.1:63078
TpTrace Verbose: 0 : 2384, 13, 2022/08/11, 11:51:12.722, 97644163306, vstest.console.dll, TcpClientExtensions.MessageLoopAsync: NotifyDataAvailable remoteEndPoint: 127.0.0.1:63079 localEndPoint: 127.0.0.1:63078
TpTrace Verbose: 0 : 2384, 13, 2022/08/11, 11:51:12.723, 97644164600, vstest.console.dll, TestRequestSender.OnExecutionMessageReceived: Received message: {"Version":2,"MessageType":"TestSession.Message","Payload":{"MessageLevel":0,"Message":"[xUnit.net 00:00:00.66]   Discovered:  TestPetsAPI"}}
TpTrace Verbose: 0 : 2384, 13, 2022/08/11, 11:51:12.723, 97644165806, vstest.console.dll, TestRunRequest:SendTestRunMessage: Starting.
TpTrace Information: 0 : 2384, 13, 2022/08/11, 11:51:12.723, 97644166564, vstest.console.dll, TestRunRequest:SendTestRunMessage: Completed.
TpTrace Verbose: 0 : 2384, 13, 2022/08/11, 11:51:12.723, 97644166835, vstest.console.dll, TcpClientExtensions.MessageLoopAsync: Polling on remoteEndPoint: 127.0.0.1:63079 localEndPoint: 127.0.0.1:63078
TpTrace Verbose: 0 : 2384, 13, 2022/08/11, 11:51:12.725, 97644184599, vstest.console.dll, TcpClientExtensions.MessageLoopAsync: NotifyDataAvailable remoteEndPoint: 127.0.0.1:63079 localEndPoint: 127.0.0.1:63078
TpTrace Verbose: 0 : 2384, 13, 2022/08/11, 11:51:12.725, 97644185388, vstest.console.dll, TestRequestSender.OnExecutionMessageReceived: Received message: {"Version":2,"MessageType":"TestSession.Message","Payload":{"MessageLevel":0,"Message":"[xUnit.net 00:00:00.67]   Starting:    TestPetsAPI"}}
TpTrace Verbose: 0 : 2384, 13, 2022/08/11, 11:51:12.725, 97644186555, vstest.console.dll, TestRunRequest:SendTestRunMessage: Starting.
TpTrace Information: 0 : 2384, 13, 2022/08/11, 11:51:12.725, 97644187156, vstest.console.dll, TestRunRequest:SendTestRunMessage: Completed.
TpTrace Verbose: 0 : 2384, 13, 2022/08/11, 11:51:12.725, 97644187409, vstest.console.dll, TcpClientExtensions.MessageLoopAsync: Polling on remoteEndPoint: 127.0.0.1:63079 localEndPoint: 127.0.0.1:63078
TpTrace Verbose: 0 : 2384, 13, 2022/08/11, 11:51:12.947, 97646410997, vstest.console.dll, TcpClientExtensions.MessageLoopAsync: NotifyDataAvailable remoteEndPoint: 127.0.0.1:63079 localEndPoint: 127.0.0.1:63078
TpTrace Verbose: 0 : 2384, 13, 2022/08/11, 11:51:12.947, 97646412183, vstest.console.dll, TestRequestSender.OnExecutionMessageReceived: Received message: {"Version":2,"MessageType":"TestSession.Message","Payload":{"MessageLevel":0,"Message":"[xUnit.net 00:00:00.89]   Finished:    TestPetsAPI"}}
TpTrace Verbose: 0 : 2384, 13, 2022/08/11, 11:51:12.947, 97646413625, vstest.console.dll, TestRunRequest:SendTestRunMessage: Starting.
TpTrace Information: 0 : 2384, 13, 2022/08/11, 11:51:12.947, 97646414080, vstest.console.dll, TestRunRequest:SendTestRunMessage: Completed.
TpTrace Verbose: 0 : 2384, 13, 2022/08/11, 11:51:12.947, 97646414373, vstest.console.dll, TcpClientExtensions.MessageLoopAsync: Polling on remoteEndPoint: 127.0.0.1:63079 localEndPoint: 127.0.0.1:63078
TpTrace Verbose: 0 : 2384, 13, 2022/08/11, 11:51:13.001, 97646945378, vstest.console.dll, TcpClientExtensions.MessageLoopAsync: NotifyDataAvailable remoteEndPoint: 127.0.0.1:63079 localEndPoint: 127.0.0.1:63078
TpTrace Verbose: 0 : 2384, 13, 2022/08/11, 11:51:13.001, 97646947866, vstest.console.dll, TestRequestSender.OnExecutionMessageReceived: Received message: {"Version":2,"MessageType":"TestExecution.Completed","Payload":{"TestRunCompleteArgs":{"TestRunStatistics":{"ExecutedTests":8,"Stats":{"Passed":8}},"IsCanceled":false,"IsAborted":false,"Error":null,"AttachmentSets":[],"ElapsedTimeInRunningTests":"00:00:00.9026840","Metrics":{}},"LastRunTests":{"NewTestResults":[{"TestCase":{"Id":"cc98d6e8-2060-f3cf-c0c9-598889aadd8d","FullyQualifiedName":"TestPetsAPI.CatServiceTest.GetImage_Should_ReturnData","DisplayName":"TestPetsAPI.CatServiceTest.GetImage_Should_ReturnData","ExecutorUri":"executor://xunit/VsTestRunner2/netcoreapp","Source":"C:\\Users\\rpn\\source\\repos\\PetsAPI\\TestPetsAPI\\bin\\Debug\\netcoreapp3.1\\fine-code-coverage\\build-output\\TestPetsAPI.dll","CodeFilePath":null,"LineNumber":0,"Properties":[]},"Attachments":[],"Outcome":1,"ErrorMessage":null,"ErrorStackTrace":null,"DisplayName":"TestPetsAPI.CatServiceTest.GetImage_Should_ReturnData","Messages":[],"ComputerName":"LAPTOP-J8S428LN","Duration":"00:00:00.1264196","StartTime":"2022-08-11T03:51:12.9108764+00:00","EndTime":"2022-08-11T03:51:12.9109176+00:00","Properties":[]},{"TestCase":{"Id":"b773b611-1869-329b-2310-10b8e9404df9","FullyQualifiedName":"TestPetsAPI.DogServiceTest.GetImage_Should_NOTReturnData","DisplayName":"TestPetsAPI.DogServiceTest.GetImage_Should_NOTReturnData","ExecutorUri":"executor://xunit/VsTestRunner2/netcoreapp","Source":"C:\\Users\\rpn\\source\\repos\\PetsAPI\\TestPetsAPI\\bin\\Debug\\netcoreapp3.1\\fine-code-coverage\\build-output\\TestPetsAPI.dll","CodeFilePath":null,"LineNumber":0,"Properties":[]},"Attachments":[],"Outcome":1,"ErrorMessage":null,"ErrorStackTrace":null,"DisplayName":"TestPetsAPI.DogServiceTest.GetImage_Should_NOTReturnData","Messages":[],"ComputerName":"LAPTOP-J8S428LN","Duration":"00:00:00.1258373","StartTime":"2022-08-11T03:51:12.9283982+00:00","EndTime":"2022-08-11T03:51:12.9283993+00:00","Properties":[]},{"TestCase":{"Id":"8c001211-830e-0798-8203-97d98a277160","FullyQualifiedName":"TestPetsAPI.DogServiceTest.Get_ShouldReturnData","DisplayName":"TestPetsAPI.DogServiceTest.Get_ShouldReturnData","ExecutorUri":"executor://xunit/VsTestRunner2/netcoreapp","Source":"C:\\Users\\rpn\\source\\repos\\PetsAPI\\TestPetsAPI\\bin\\Debug\\netcoreapp3.1\\fine-code-coverage\\build-output\\TestPetsAPI.dll","CodeFilePath":null,"LineNumber":0,"Properties":[]},"Attachments":[],"Outcome":1,"ErrorMessage":null,"ErrorStackTrace":null,"DisplayName":"TestPetsAPI.DogServiceTest.Get_ShouldReturnData","Messages":[],"ComputerName":"LAPTOP-J8S428LN","Duration":"00:00:00.0105810","StartTime":"2022-08-11T03:51:12.9328783+00:00","EndTime":"2022-08-11T03:51:12.9328808+00:00","Properties":[]},{"TestCase":{"Id":"529137d2-f65d-3fc0-4968-78a1e6fa3d83","FullyQualifiedName":"TestPetsAPI.CatServiceTest.Get_Should_ReturnData","DisplayName":"TestPetsAPI.CatServiceTest.Get_Should_ReturnData","ExecutorUri":"executor://xunit/VsTestRunner2/netcoreapp","Source":"C:\\Users\\rpn\\source\\repos\\PetsAPI\\TestPetsAPI\\bin\\Debug\\netcoreapp3.1\\fine-code-coverage\\build-output\\TestPetsAPI.dll","CodeFilePath":null,"LineNumber":0,"Properties":[]},"Attachments":[],"Outcome":1,"ErrorMessage":null,"ErrorStackTrace":null,"DisplayName":"TestPetsAPI.CatServiceTest.Get_Should_ReturnData","Messages":[],"ComputerName":"LAPTOP-J8S428LN","Duration":"00:00:00.0105861","StartTime":"2022-08-11T03:51:12.9338361+00:00","EndTime":"2022-08-11T03:51:12.9338366+00:00","Properties":[]},{"TestCase":{"Id":"4ca374bb-8598-5d77-6172-c27de315195e","FullyQualifiedName":"TestPetsAPI.CatServiceTest.GetImage_Should_NOTReturnData","DisplayName":"TestPetsAPI.CatServiceTest.GetImage_Should_NOTReturnData","ExecutorUri":"executor://xunit/VsTestRunner2/netcoreapp","Source":"C:\\Users\\rpn\\source\\repos\\PetsAPI\\TestPetsAPI\\bin\\Debug\\netcoreapp3.1\\fine-code-coverage\\build-output\\TestPetsAPI.dll","CodeFilePath":null,"LineNumber":0,"Properties":[]},"Attachments":[],"Outcome":1,"ErrorMessage":null,"ErrorStackTrace":null,"DisplayName":"TestPetsAPI.CatServiceTest.GetImage_Should_NOTReturnData","Messages":[],"ComputerName":"LAPTOP-J8S428LN","Duration":"00:00:00.0057897","StartTime":"2022-08-11T03:51:12.9372767+00:00","EndTime":"2022-08-11T03:51:12.937279+00:00","Properties":[]},{"TestCase":{"Id":"29e25636-4485-e524-9e30-3f56d5a2fe29","FullyQualifiedName":"TestPetsAPI.DogServiceTest.Get_ShouldNotReturnData","DisplayName":"TestPetsAPI.DogServiceTest.Get_ShouldNotReturnData","ExecutorUri":"executor://xunit/VsTestRunner2/netcoreapp","Source":"C:\\Users\\rpn\\source\\repos\\PetsAPI\\TestPetsAPI\\bin\\Debug\\netcoreapp3.1\\fine-code-coverage\\build-output\\TestPetsAPI.dll","CodeFilePath":null,"LineNumber":0,"Properties":[]},"Attachments":[],"Outcome":1,"ErrorMessage":null,"ErrorStackTrace":null,"DisplayName":"TestPetsAPI.DogServiceTest.Get_ShouldNotReturnData","Messages":[],"ComputerName":"LAPTOP-J8S428LN","Duration":"00:00:00.0088857","StartTime":"2022-08-11T03:51:12.9426559+00:00","EndTime":"2022-08-11T03:51:12.9426588+00:00","Properties":[]},{"TestCase":{"Id":"dd6e3ecc-ab86-f5cc-4626-7074274ac869","FullyQualifiedName":"TestPetsAPI.CatServiceTest.Get_Should_NOTReturnData","DisplayName":"TestPetsAPI.CatServiceTest.Get_Should_NOTReturnData","ExecutorUri":"executor://xunit/VsTestRunner2/netcoreapp","Source":"C:\\Users\\rpn\\source\\repos\\PetsAPI\\TestPetsAPI\\bin\\Debug\\netcoreapp3.1\\fine-code-coverage\\build-output\\TestPetsAPI.dll","CodeFilePath":null,"LineNumber":0,"Properties":[]},"Attachments":[],"Outcome":1,"ErrorMessage":null,"ErrorStackTrace":null,"DisplayName":"TestPetsAPI.CatServiceTest.Get_Should_NOTReturnData","Messages":[],"ComputerName":"LAPTOP-J8S428LN","Duration":"00:00:00.0047225","StartTime":"2022-08-11T03:51:12.9445676+00:00","EndTime":"2022-08-11T03:51:12.944569+00:00","Properties":[]},{"TestCase":{"Id":"4f9bae5b-8924-8e55-e69d-9da86941e64e","FullyQualifiedName":"TestPetsAPI.DogServiceTest.GetImage_Should_ReturnData","DisplayName":"TestPetsAPI.DogServiceTest.GetImage_Should_ReturnData","ExecutorUri":"executor://xunit/VsTestRunner2/netcoreapp","Source":"C:\\Users\\rpn\\source\\repos\\PetsAPI\\TestPetsAPI\\bin\\Debug\\netcoreapp3.1\\fine-code-coverage\\build-output\\TestPetsAPI.dll","CodeFilePath":null,"LineNumber":0,"Properties":[]},"Attachments":[],"Outcome":1,"ErrorMessage":null,"ErrorStackTrace":null,"DisplayName":"TestPetsAPI.DogServiceTest.GetImage_Should_ReturnData","Messages":[],"ComputerName":"LAPTOP-J8S428LN","Duration":"00:00:00.0042334","StartTime":"2022-08-11T03:51:12.9454975+00:00","EndTime":"2022-08-11T03:51:12.9454982+00:00","Properties":[]}],"TestRunStatistics":{"ExecutedTests":8,"Stats":{"Passed":8}},"ActiveTests":[]},"RunAttachments":[],"ExecutorUris":["executor://xunit/VsTestRunner2/netcoreapp"]}}
TpTrace Verbose: 0 : 2384, 13, 2022/08/11, 11:51:13.004, 97646981061, vstest.console.dll, TestRequestSender.EndSession: Sending end session.
TpTrace Verbose: 0 : 2384, 13, 2022/08/11, 11:51:13.004, 97646983539, vstest.console.dll, ProxyOperationManager.Close: waiting for test host to exit for 100 ms
TpTrace Warning: 0 : 2384, 12, 2022/08/11, 11:51:13.025, 97647192070, vstest.console.dll, TestHostManagerCallbacks.ErrorReceivedCallback Test host standard error line: 
TpTrace Verbose: 0 : 2384, 7, 2022/08/11, 11:51:13.039, 97647334202, vstest.console.dll, TestHostProvider.ExitCallBack: Host exited starting callback.
TpTrace Information: 0 : 2384, 7, 2022/08/11, 11:51:13.040, 97647341309, vstest.console.dll, TestHostManagerCallbacks.ExitCallBack: Testhost processId: 35428 exited with exitcode: 0 error: ''
TpTrace Verbose: 0 : 2384, 7, 2022/08/11, 11:51:13.040, 97647342278, vstest.console.dll, DotnetTestHostManager.OnHostExited: invoking OnHostExited callback
TpTrace Verbose: 0 : 2384, 7, 2022/08/11, 11:51:13.040, 97647343171, vstest.console.dll, CrossPlatEngine.TestHostManagerHostExited: calling on client process exit callback.
TpTrace Information: 0 : 2384, 7, 2022/08/11, 11:51:13.041, 97647344692, vstest.console.dll, TestRequestSender.OnClientProcessExit: Test host process exited. Standard error: 
TpTrace Warning: 0 : 2384, 13, 2022/08/11, 11:51:13.041, 97647344675, vstest.console.dll, ProxyOperationManager: Timed out waiting for test host to exit. Will terminate process.
TpTrace Information: 0 : 2384, 7, 2022/08/11, 11:51:13.041, 97647345476, vstest.console.dll, SocketServer.Stop: Stop server endPoint: 127.0.0.1:63078
TpTrace Information: 0 : 2384, 7, 2022/08/11, 11:51:13.041, 97647346467, vstest.console.dll, SocketServer.Stop: Cancellation requested. Stopping message loop.
TpTrace Verbose: 0 : 2384, 13, 2022/08/11, 11:51:13.042, 97647359337, vstest.console.dll, ProxyDataCollectionManager.InvokeDataCollectionServiceAction: Starting.
TpTrace Information: 0 : 2384, 13, 2022/08/11, 11:51:13.042, 97647360394, vstest.console.dll, ProxyDataCollectionManager.AfterTestRunEnd: Get attachment set for datacollector processId: 32488 port: 63075
TpTrace Verbose: 0 : 2384, 13, 2022/08/11, 11:51:13.042, 97647362306, vstest.console.dll, DataCollectionRequestSender.SendAfterTestRunStartAndGetResult : Send AfterTestRunEnd message with isCancelled: False
TpTrace Verbose: 0 : 2384, 13, 2022/08/11, 11:51:13.048, 97647423671, vstest.console.dll, DataCollectionRequestSender.SendAfterTestRunStartAndGetResult : Received message: (DataCollection.AfterTestRunEndResult) -> {
  "AttachmentSets": [],
  "Metrics": {}
}
TpTrace Information: 0 : 2384, 13, 2022/08/11, 11:51:13.053, 97647466032, vstest.console.dll, ProxyDataCollectionManager.InvokeDataCollectionServiceAction: Completed.
TpTrace Warning: 0 : 2384, 9, 2022/08/11, 11:51:13.055, 97647486596, vstest.console.dll, DataCollectionLauncher.ErrorReceivedCallback datacollector standard error line: 
TpTrace Information: 0 : 2384, 7, 2022/08/11, 11:51:13.059, 97647534468, vstest.console.dll, DataCollectionLauncher.ExitCallBack: Data collector exited with exitcode: 0 error: ''
TpTrace Verbose: 0 : 2384, 13, 2022/08/11, 11:51:13.104, 97647975392, vstest.console.dll, TestRunRequest:SendTestRunStatsChange: Starting.
TpTrace Information: 0 : 2384, 13, 2022/08/11, 11:51:13.104, 97647977818, vstest.console.dll, TestRunRequest:SendTestRunStatsChange: Completed.
TpTrace Verbose: 0 : 2384, 13, 2022/08/11, 11:51:13.104, 97647979311, vstest.console.dll, ParallelProxyExecutionManager: HandlePartialRunComplete: Total completed clients = 1, Run complete = True, Run canceled: False.
TpTrace Verbose: 0 : 2384, 13, 2022/08/11, 11:51:13.125, 97648189965, vstest.console.dll, TestRunRequest:TestRunComplete: Starting. IsAborted:False IsCanceled:False.
TpTrace Verbose: 0 : 2384, 13, 2022/08/11, 11:51:13.125, 97648191821, vstest.console.dll, TestLoggerManager.HandleTestRunComplete: Ignoring as the object is disposed.
TpTrace Information: 0 : 2384, 13, 2022/08/11, 11:51:13.125, 97648194093, vstest.console.dll, TestRunRequest:TestRunComplete: Completed.
TpTrace Verbose: 0 : 2384, 13, 2022/08/11, 11:51:13.125, 97648194535, vstest.console.dll, TestRequestSender.SetOperationComplete: Setting operation complete.
TpTrace Verbose: 0 : 2384, 1, 2022/08/11, 11:51:13.126, 97648194765, vstest.console.dll, TestRunRequest.Dispose: Starting.
TpTrace Information: 0 : 2384, 1, 2022/08/11, 11:51:13.126, 97648195460, vstest.console.dll, TestRunRequest.Dispose: Completed.
TpTrace Information: 0 : 2384, 13, 2022/08/11, 11:51:13.126, 97648194844, vstest.console.dll, SocketServer.Stop: Stop server endPoint: 127.0.0.1:63078
TpTrace Information: 0 : 2384, 1, 2022/08/11, 11:51:13.126, 97648195874, vstest.console.dll, TestRequestManager.RunTests: run tests completed.
TpTrace Information: 0 : 2384, 13, 2022/08/11, 11:51:13.126, 97648196317, vstest.console.dll, SocketServer.Stop: Cancellation requested. Stopping message loop.
TpTrace Information: 0 : 2384, 1, 2022/08/11, 11:51:13.126, 97648197220, vstest.console.dll, RunTestsArgumentProcessor:Execute: Test run is completed.
TpTrace Information: 0 : 2384, 13, 2022/08/11, 11:51:13.126, 97648197735, vstest.console.dll, SocketServer.PrivateStop: Stop server endPoint: 127.0.0.1:63078 error: 
TpTrace Verbose: 0 : 2384, 1, 2022/08/11, 11:51:13.126, 97648199352, vstest.console.dll, Executor.Execute: Exiting with exit code of 0
TpTrace Verbose: 0 : 2384, 13, 2022/08/11, 11:51:13.126, 97648203631, vstest.console.dll, LengthPrefixCommunicationChannel.Dispose: Dispose reader and writer.
